<?xml version="1.0" encoding="UTF-8"?>
<!-- Generated by org.testng.reporters.JUnitReportReporter -->
<testsuite skipped="0" hostname="LAPTOP-GRCUBFH1" name="HCL.MavenFirstProject.App" tests="1" failures="0" timestamp="09 Mar 2019 04:10:27 GMT" time="0.015" errors="0">
  <testcase name="sample" time="0.015" classname="HCL.MavenFirstProject.App"/>
</testsuite> <!-- HCL.MavenFirstProject.App -->
